<?xml version="1.0" encoding="UTF-8"?>
<!-- Generated by org.testng.reporters.JUnitXMLReporter -->
<testsuite hostname="PB-20026-LT" name="Test" tests="8" failures="0" timestamp="27 Mar 2019 11:59:30 GMT" time="15.088" errors="0">
  <testcase name="GetByPostcode" time="3.934" classname="com.qloyal.CurrentWeatherData.AC2_GetDataByPostCode"/>
  <testcase name="GetWithInvalid_PostcalCode_Returns204" time="1.454" classname="com.qloyal.CurrentWeatherData.AC2_GetDataByPostCode"/>
  <testcase name="GetWithNoAPIKey_Returns403" time="1.427" classname="com.qloyal.CurrentWeatherData.AC2_GetDataByPostCode"/>
  <testcase name="GetWithNoPostalCode_Returns400" time="1.438" classname="com.qloyal.CurrentWeatherData.AC2_GetDataByPostCode"/>
  <testcase name="GetCurrentWeatherDataByLatAndLon_Returns200" time="1.551" classname="com.qloyal.CurrentWeatherData.AC1_GetDatabyLatAndLon"/>
  <testcase name="GetWithInvalid_LatAndLonQparams_Returns400" time="1.423" classname="com.qloyal.CurrentWeatherData.AC1_GetDatabyLatAndLon"/>
  <testcase name="GetWithNoAPIKey_Returns403" time="1.391" classname="com.qloyal.CurrentWeatherData.AC1_GetDatabyLatAndLon"/>
  <testcase name="GetWithNoLatAndLonQparams_Returns400" time="1.402" classname="com.qloyal.CurrentWeatherData.AC1_GetDatabyLatAndLon"/>
</testsuite> <!-- Test -->
